Determining if the pthread_create exist failed with the following output:
Change Dir: /home/llamaphone/Desktop/PG/CMakeFiles/CMakeTmp

Run Build Command:"/usr/bin/make" "cmTryCompileExec1508024487/fast"
/usr/bin/make -f CMakeFiles/cmTryCompileExec1508024487.dir/build.make CMakeFiles/cmTryCompileExec1508024487.dir/build
make[1]: Entering directory '/home/llamaphone/Desktop/PG/CMakeFiles/CMakeTmp'
/usr/bin/cmake -E cmake_progress_report /home/llamaphone/Desktop/PG/CMakeFiles/CMakeTmp/CMakeFiles 1
Building C object CMakeFiles/cmTryCompileExec1508024487.dir/CheckSymbolExists.c.o
/usr/bin/cc    -o CMakeFiles/cmTryCompileExec1508024487.dir/CheckSymbolExists.c.o   -c /home/llamaphone/Desktop/PG/CMakeFiles/CMakeTmp/CheckSymbolExists.c
Linking C executable cmTryCompileExec1508024487
/usr/bin/cmake -E cmake_link_script CMakeFiles/cmTryCompileExec1508024487.dir/link.txt --verbose=1
/usr/bin/cc       CMakeFiles/cmTryCompileExec1508024487.dir/CheckSymbolExists.c.o  -o cmTryCompileExec1508024487 -rdynamic 
CMakeFiles/cmTryCompileExec1508024487.dir/CheckSymbolExists.c.o: In function `main':
CheckSymbolExists.c:(.text+0x16): undefined reference to `pthread_create'
collect2: error: ld returned 1 exit status
CMakeFiles/cmTryCompileExec1508024487.dir/build.make:88: recipe for target 'cmTryCompileExec1508024487' failed
make[1]: *** [cmTryCompileExec1508024487] Error 1
make[1]: Leaving directory '/home/llamaphone/Desktop/PG/CMakeFiles/CMakeTmp'
Makefile:117: recipe for target 'cmTryCompileExec1508024487/fast' failed
make: *** [cmTryCompileExec1508024487/fast] Error 2

File /home/llamaphone/Desktop/PG/CMakeFiles/CMakeTmp/CheckSymbolExists.c:
/* */
#include <pthread.h>

int main(int argc, char** argv)
{
  (void)argv;
#ifndef pthread_create
  return ((int*)(&pthread_create))[argc];
#else
  (void)argc;
  return 0;
#endif
}

Determining if the function pthread_create exists in the pthreads failed with the following output:
Change Dir: /home/llamaphone/Desktop/PG/CMakeFiles/CMakeTmp

Run Build Command:"/usr/bin/make" "cmTryCompileExec4016894124/fast"
/usr/bin/make -f CMakeFiles/cmTryCompileExec4016894124.dir/build.make CMakeFiles/cmTryCompileExec4016894124.dir/build
make[1]: Entering directory '/home/llamaphone/Desktop/PG/CMakeFiles/CMakeTmp'
/usr/bin/cmake -E cmake_progress_report /home/llamaphone/Desktop/PG/CMakeFiles/CMakeTmp/CMakeFiles 1
Building C object CMakeFiles/cmTryCompileExec4016894124.dir/CheckFunctionExists.c.o
/usr/bin/cc   -DCHECK_FUNCTION_EXISTS=pthread_create   -o CMakeFiles/cmTryCompileExec4016894124.dir/CheckFunctionExists.c.o   -c /usr/share/cmake-3.2/Modules/CheckFunctionExists.c
Linking C executable cmTryCompileExec4016894124
/usr/bin/cmake -E cmake_link_script CMakeFiles/cmTryCompileExec4016894124.dir/link.txt --verbose=1
/usr/bin/cc   -DCHECK_FUNCTION_EXISTS=pthread_create    CMakeFiles/cmTryCompileExec4016894124.dir/CheckFunctionExists.c.o  -o cmTryCompileExec4016894124 -rdynamic -lpthreads 
/usr/bin/ld: cannot find -lpthreads
collect2: error: ld returned 1 exit status
CMakeFiles/cmTryCompileExec4016894124.dir/build.make:88: recipe for target 'cmTryCompileExec4016894124' failed
make[1]: *** [cmTryCompileExec4016894124] Error 1
make[1]: Leaving directory '/home/llamaphone/Desktop/PG/CMakeFiles/CMakeTmp'
Makefile:117: recipe for target 'cmTryCompileExec4016894124/fast' failed
make: *** [cmTryCompileExec4016894124/fast] Error 2


Determining if the pthread_create exist failed with the following output:
Change Dir: /home/llamaphone/Desktop/P2/CMakeFiles/CMakeTmp

Run Build Command:"/usr/bin/make" "cmTryCompileExec4251645346/fast"
/usr/bin/make -f CMakeFiles/cmTryCompileExec4251645346.dir/build.make CMakeFiles/cmTryCompileExec4251645346.dir/build
make[1]: Entering directory '/home/llamaphone/Desktop/P2/CMakeFiles/CMakeTmp'
/usr/bin/cmake -E cmake_progress_report /home/llamaphone/Desktop/P2/CMakeFiles/CMakeTmp/CMakeFiles 1
Building C object CMakeFiles/cmTryCompileExec4251645346.dir/CheckSymbolExists.c.o
/usr/bin/cc    -o CMakeFiles/cmTryCompileExec4251645346.dir/CheckSymbolExists.c.o   -c /home/llamaphone/Desktop/P2/CMakeFiles/CMakeTmp/CheckSymbolExists.c
Linking C executable cmTryCompileExec4251645346
/usr/bin/cmake -E cmake_link_script CMakeFiles/cmTryCompileExec4251645346.dir/link.txt --verbose=1
/usr/bin/cc       CMakeFiles/cmTryCompileExec4251645346.dir/CheckSymbolExists.c.o  -o cmTryCompileExec4251645346 -rdynamic 
CMakeFiles/cmTryCompileExec4251645346.dir/CheckSymbolExists.c.o: In function `main':
CheckSymbolExists.c:(.text+0x16): undefined reference to `pthread_create'
collect2: error: ld returned 1 exit status
CMakeFiles/cmTryCompileExec4251645346.dir/build.make:88: recipe for target 'cmTryCompileExec4251645346' failed
make[1]: *** [cmTryCompileExec4251645346] Error 1
make[1]: Leaving directory '/home/llamaphone/Desktop/P2/CMakeFiles/CMakeTmp'
Makefile:117: recipe for target 'cmTryCompileExec4251645346/fast' failed
make: *** [cmTryCompileExec4251645346/fast] Error 2

File /home/llamaphone/Desktop/P2/CMakeFiles/CMakeTmp/CheckSymbolExists.c:
/* */
#include <pthread.h>

int main(int argc, char** argv)
{
  (void)argv;
#ifndef pthread_create
  return ((int*)(&pthread_create))[argc];
#else
  (void)argc;
  return 0;
#endif
}

Determining if the function pthread_create exists in the pthreads failed with the following output:
Change Dir: /home/llamaphone/Desktop/P2/CMakeFiles/CMakeTmp

Run Build Command:"/usr/bin/make" "cmTryCompileExec2375510948/fast"
/usr/bin/make -f CMakeFiles/cmTryCompileExec2375510948.dir/build.make CMakeFiles/cmTryCompileExec2375510948.dir/build
make[1]: Entering directory '/home/llamaphone/Desktop/P2/CMakeFiles/CMakeTmp'
/usr/bin/cmake -E cmake_progress_report /home/llamaphone/Desktop/P2/CMakeFiles/CMakeTmp/CMakeFiles 1
Building C object CMakeFiles/cmTryCompileExec2375510948.dir/CheckFunctionExists.c.o
/usr/bin/cc   -DCHECK_FUNCTION_EXISTS=pthread_create   -o CMakeFiles/cmTryCompileExec2375510948.dir/CheckFunctionExists.c.o   -c /usr/share/cmake-3.2/Modules/CheckFunctionExists.c
Linking C executable cmTryCompileExec2375510948
/usr/bin/cmake -E cmake_link_script CMakeFiles/cmTryCompileExec2375510948.dir/link.txt --verbose=1
/usr/bin/cc   -DCHECK_FUNCTION_EXISTS=pthread_create    CMakeFiles/cmTryCompileExec2375510948.dir/CheckFunctionExists.c.o  -o cmTryCompileExec2375510948 -rdynamic -lpthreads 
/usr/bin/ld: cannot find -lpthreads
collect2: error: ld returned 1 exit status
CMakeFiles/cmTryCompileExec2375510948.dir/build.make:88: recipe for target 'cmTryCompileExec2375510948' failed
make[1]: Leaving directory '/home/llamaphone/Desktop/P2/CMakeFiles/CMakeTmp'
make[1]: *** [cmTryCompileExec2375510948] Error 1
Makefile:117: recipe for target 'cmTryCompileExec2375510948/fast' failed
make: *** [cmTryCompileExec2375510948/fast] Error 2


Determining if the pthread_create exist failed with the following output:
Change Dir: /home/llamaphone/Desktop/P3/CMakeFiles/CMakeTmp

Run Build Command:"/usr/bin/make" "cmTryCompileExec2418595916/fast"
/usr/bin/make -f CMakeFiles/cmTryCompileExec2418595916.dir/build.make CMakeFiles/cmTryCompileExec2418595916.dir/build
make[1]: Entering directory '/home/llamaphone/Desktop/P3/CMakeFiles/CMakeTmp'
/usr/bin/cmake -E cmake_progress_report /home/llamaphone/Desktop/P3/CMakeFiles/CMakeTmp/CMakeFiles 1
Building C object CMakeFiles/cmTryCompileExec2418595916.dir/CheckSymbolExists.c.o
/usr/bin/cc    -o CMakeFiles/cmTryCompileExec2418595916.dir/CheckSymbolExists.c.o   -c /home/llamaphone/Desktop/P3/CMakeFiles/CMakeTmp/CheckSymbolExists.c
Linking C executable cmTryCompileExec2418595916
/usr/bin/cmake -E cmake_link_script CMakeFiles/cmTryCompileExec2418595916.dir/link.txt --verbose=1
/usr/bin/cc       CMakeFiles/cmTryCompileExec2418595916.dir/CheckSymbolExists.c.o  -o cmTryCompileExec2418595916 -rdynamic 
CMakeFiles/cmTryCompileExec2418595916.dir/CheckSymbolExists.c.o: In function `main':
CheckSymbolExists.c:(.text+0x16): undefined reference to `pthread_create'
collect2: error: ld returned 1 exit status
CMakeFiles/cmTryCompileExec2418595916.dir/build.make:88: recipe for target 'cmTryCompileExec2418595916' failed
make[1]: *** [cmTryCompileExec2418595916] Error 1
make[1]: Leaving directory '/home/llamaphone/Desktop/P3/CMakeFiles/CMakeTmp'
Makefile:117: recipe for target 'cmTryCompileExec2418595916/fast' failed
make: *** [cmTryCompileExec2418595916/fast] Error 2

File /home/llamaphone/Desktop/P3/CMakeFiles/CMakeTmp/CheckSymbolExists.c:
/* */
#include <pthread.h>

int main(int argc, char** argv)
{
  (void)argv;
#ifndef pthread_create
  return ((int*)(&pthread_create))[argc];
#else
  (void)argc;
  return 0;
#endif
}

Determining if the function pthread_create exists in the pthreads failed with the following output:
Change Dir: /home/llamaphone/Desktop/P3/CMakeFiles/CMakeTmp

Run Build Command:"/usr/bin/make" "cmTryCompileExec1662757413/fast"
/usr/bin/make -f CMakeFiles/cmTryCompileExec1662757413.dir/build.make CMakeFiles/cmTryCompileExec1662757413.dir/build
make[1]: Entering directory '/home/llamaphone/Desktop/P3/CMakeFiles/CMakeTmp'
/usr/bin/cmake -E cmake_progress_report /home/llamaphone/Desktop/P3/CMakeFiles/CMakeTmp/CMakeFiles 1
Building C object CMakeFiles/cmTryCompileExec1662757413.dir/CheckFunctionExists.c.o
/usr/bin/cc   -DCHECK_FUNCTION_EXISTS=pthread_create   -o CMakeFiles/cmTryCompileExec1662757413.dir/CheckFunctionExists.c.o   -c /usr/share/cmake-3.2/Modules/CheckFunctionExists.c
Linking C executable cmTryCompileExec1662757413
/usr/bin/cmake -E cmake_link_script CMakeFiles/cmTryCompileExec1662757413.dir/link.txt --verbose=1
/usr/bin/cc   -DCHECK_FUNCTION_EXISTS=pthread_create    CMakeFiles/cmTryCompileExec1662757413.dir/CheckFunctionExists.c.o  -o cmTryCompileExec1662757413 -rdynamic -lpthreads 
/usr/bin/ld: cannot find -lpthreads
collect2: error: ld returned 1 exit status
CMakeFiles/cmTryCompileExec1662757413.dir/build.make:88: recipe for target 'cmTryCompileExec1662757413' failed
make[1]: *** [cmTryCompileExec1662757413] Error 1
make[1]: Leaving directory '/home/llamaphone/Desktop/P3/CMakeFiles/CMakeTmp'
Makefile:117: recipe for target 'cmTryCompileExec1662757413/fast' failed
make: *** [cmTryCompileExec1662757413/fast] Error 2


